Using pre-set license
Built from '2020.3/staging' branch; Version is '2020.3.5f1 (8095aa901b9b) revision 8426922'; Using compiler version '192528614'; Build Type 'Release'
OS: 'Windows 10 Home; OS build 19043.1706; Version 2009; 64bit' Language: 'en' Physical Memory: 6021 MB
BatchMode: 1, IsHumanControllingUs: 0, StartBugReporterOnCrash: 0, Is64bit: 1, IsPro: 0

 COMMAND LINE ARGUMENTS:
C:\Desktop\Unity Files\Editor\Unity.exe
-adb2
-batchMode
-noUpm
-name
AssetImportWorker0
-projectPath
C:/Desktop/Survival Building Game
-logFile
Logs/AssetImportWorker0.log
-srvPort
65435
Successfully changed project path to: C:/Desktop/Survival Building Game
C:/Desktop/Survival Building Game
Using Asset Import Pipeline V2.
Refreshing native plugins compatible for Editor in 44.88 ms, found 2 plugins.
Preloading 0 native plugins for Editor in 0.00 ms.
Initialize engine version: 2020.3.5f1 (8095aa901b9b)
[Subsystems] Discovering subsystems at path C:/Desktop/Unity Files/Editor/Data/Resources/UnitySubsystems
[Subsystems] Discovering subsystems at path C:/Desktop/Survival Building Game/Assets
GfxDevice: creating device client; threaded=0
Direct3D:
    Version:  Direct3D 11.0 [level 11.1]
    Renderer: NVIDIA GeForce GTX 1650 (ID=0x1f91)
    Vendor:   
    VRAM:     3962 MB
    Driver:   30.0.15.1179
Initialize mono
Mono path[0] = 'C:/Desktop/Unity Files/Editor/Data/Managed'
Mono path[1] = 'C:/Desktop/Unity Files/Editor/Data/MonoBleedingEdge/lib/mono/unityjit'
Mono config path = 'C:/Desktop/Unity Files/Editor/Data/MonoBleedingEdge/etc'
Using monoOptions --debugger-agent=transport=dt_socket,embedding=1,server=y,suspend=n,address=127.0.0.1:56784
Begin MonoManager ReloadAssembly
Registering precompiled unity dll's ...
Register platform support module: C:/Desktop/Unity Files/Editor/Data/PlaybackEngines/WindowsStandaloneSupport/UnityEditor.WindowsStandalone.Extensions.dll
Registered in 0.005045 seconds.
Native extension for WindowsStandalone target not found
Refreshing native plugins compatible for Editor in 43.37 ms, found 2 plugins.
Preloading 0 native plugins for Editor in 0.00 ms.
Mono: successfully reloaded assembly
- Completed reload, in  2.736 seconds
Platform modules already initialized, skipping
Registering precompiled user dll's ...
Registered in 0.009804 seconds.
Begin MonoManager ReloadAssembly
Native extension for WindowsStandalone target not found
Refreshing native plugins compatible for Editor in 0.58 ms, found 2 plugins.
Preloading 0 native plugins for Editor in 0.00 ms.
Mono: successfully reloaded assembly
- Completed reload, in  1.512 seconds
Platform modules already initialized, skipping
========================================================================
Worker process is ready to serve import requests
Launched and connected shader compiler UnityShaderCompiler.exe after 0.10 seconds
Refreshing native plugins compatible for Editor in 1.14 ms, found 2 plugins.
Preloading 0 native plugins for Editor in 0.00 ms.
Unloading 1521 Unused Serialized files (Serialized files now loaded: 0)
System memory in use before: 70.1 MB.
System memory in use after: 70.2 MB.

Unloading 16 unused Assets to reduce memory usage. Loaded Objects now: 1958.
Total: 3.028900 ms (FindLiveObjects: 0.382100 ms CreateObjectMapping: 0.181400 ms MarkObjects: 2.366400 ms  DeleteObjects: 0.096700 ms)

========================================================================
Received Import Request.
  path: Assets/Scripts/Helper Scripts/NightTime.cs
  artifactKey: Guid(429443ba4d1b2dc419e3357a217b418b) Importer(815301076,1909f56bfc062723c751e8b465ee728b)
Start importing Assets/Scripts/Helper Scripts/NightTime.cs using Guid(429443ba4d1b2dc419e3357a217b418b) Importer(815301076,1909f56bfc062723c751e8b465ee728b)  -> (artifact id: 'd699ae3e6537bbc01285cb74582df715') in 0.119205 seconds
  Import took 0.125562 seconds .

========================================================================
Received Import Request.
  Time since last request: 8.896494 seconds.
  path: Assets/Scripts/Helper Scripts/NightTime.cs
  artifactKey: Guid(429443ba4d1b2dc419e3357a217b418b) Importer(815301076,1909f56bfc062723c751e8b465ee728b)
Start importing Assets/Scripts/Helper Scripts/NightTime.cs using Guid(429443ba4d1b2dc419e3357a217b418b) Importer(815301076,1909f56bfc062723c751e8b465ee728b)  -> (artifact id: '33c5b1f9e744aa1fcaa073377d0acf13') in 0.023231 seconds
  Import took 0.027180 seconds .

========================================================================
Received Import Request.
  Time since last request: 9.348340 seconds.
  path: Assets/Scripts/Helper Scripts/NightTime.cs
  artifactKey: Guid(429443ba4d1b2dc419e3357a217b418b) Importer(815301076,1909f56bfc062723c751e8b465ee728b)
Start importing Assets/Scripts/Helper Scripts/NightTime.cs using Guid(429443ba4d1b2dc419e3357a217b418b) Importer(815301076,1909f56bfc062723c751e8b465ee728b)  -> (artifact id: 'dd2e5de9f14fd6aa83fd89e18c46b0f0') in 0.023556 seconds
  Import took 0.027171 seconds .

========================================================================
Received Import Request.
  Time since last request: 4.795115 seconds.
  path: Assets/Scripts/Helper Scripts/NightTime.cs
  artifactKey: Guid(429443ba4d1b2dc419e3357a217b418b) Importer(815301076,1909f56bfc062723c751e8b465ee728b)
Start importing Assets/Scripts/Helper Scripts/NightTime.cs using Guid(429443ba4d1b2dc419e3357a217b418b) Importer(815301076,1909f56bfc062723c751e8b465ee728b)  -> (artifact id: '75d1b5809b26a1adf857660c29dc08db') in 0.022585 seconds
  Import took 0.026416 seconds .

========================================================================
Received Import Request.
  Time since last request: 6.997446 seconds.
  path: Assets/Scripts/Helper Scripts/NightTime.cs
  artifactKey: Guid(429443ba4d1b2dc419e3357a217b418b) Importer(815301076,1909f56bfc062723c751e8b465ee728b)
Start importing Assets/Scripts/Helper Scripts/NightTime.cs using Guid(429443ba4d1b2dc419e3357a217b418b) Importer(815301076,1909f56bfc062723c751e8b465ee728b)  -> (artifact id: '9931b0475fd9ff48633790bc6fd7982c') in 0.023637 seconds
  Import took 0.027041 seconds .

========================================================================
Received Import Request.
  Time since last request: 5.830814 seconds.
  path: Assets/Scripts/Helper Scripts/NightTime.cs
  artifactKey: Guid(429443ba4d1b2dc419e3357a217b418b) Importer(815301076,1909f56bfc062723c751e8b465ee728b)
Start importing Assets/Scripts/Helper Scripts/NightTime.cs using Guid(429443ba4d1b2dc419e3357a217b418b) Importer(815301076,1909f56bfc062723c751e8b465ee728b)  -> (artifact id: '9eab1ecf8fedf687af0b9fc781ae5485') in 0.009820 seconds
  Import took 0.013461 seconds .

========================================================================
Received Import Request.
  Time since last request: 159.666524 seconds.
  path: Assets/Scripts/Helper Scripts/NightTime.cs
  artifactKey: Guid(429443ba4d1b2dc419e3357a217b418b) Importer(815301076,1909f56bfc062723c751e8b465ee728b)
Start importing Assets/Scripts/Helper Scripts/NightTime.cs using Guid(429443ba4d1b2dc419e3357a217b418b) Importer(815301076,1909f56bfc062723c751e8b465ee728b)  -> (artifact id: '5200431c46c6eba01c11514e5b5f57e8') in 0.009749 seconds
  Import took 0.015070 seconds .

========================================================================
Received Import Request.
  Time since last request: 0.002987 seconds.
  path: Assets/Scripts/Helper Scripts/NightTime.cs
  artifactKey: Guid(429443ba4d1b2dc419e3357a217b418b) Importer(815301076,1909f56bfc062723c751e8b465ee728b)
Start importing Assets/Scripts/Helper Scripts/NightTime.cs using Guid(429443ba4d1b2dc419e3357a217b418b) Importer(815301076,1909f56bfc062723c751e8b465ee728b)  -> (artifact id: '5200431c46c6eba01c11514e5b5f57e8') in 0.009992 seconds
  Import took 0.013925 seconds .

========================================================================
Received Import Request.
  Time since last request: 13.939024 seconds.
  path: Assets/Scripts/Helper Scripts/NightTime.cs
  artifactKey: Guid(429443ba4d1b2dc419e3357a217b418b) Importer(815301076,1909f56bfc062723c751e8b465ee728b)
Start importing Assets/Scripts/Helper Scripts/NightTime.cs using Guid(429443ba4d1b2dc419e3357a217b418b) Importer(815301076,1909f56bfc062723c751e8b465ee728b)  -> (artifact id: '96293a4d4d2f8dd1aad3c51e0943da2e') in 0.012673 seconds
  Import took 0.016896 seconds .

========================================================================
Received Import Request.
  Time since last request: 0.007061 seconds.
  path: Assets/Scripts/Helper Scripts/NightTime.cs
  artifactKey: Guid(429443ba4d1b2dc419e3357a217b418b) Importer(815301076,1909f56bfc062723c751e8b465ee728b)
Start importing Assets/Scripts/Helper Scripts/NightTime.cs using Guid(429443ba4d1b2dc419e3357a217b418b) Importer(815301076,1909f56bfc062723c751e8b465ee728b)  -> (artifact id: '96293a4d4d2f8dd1aad3c51e0943da2e') in 0.010486 seconds
  Import took 0.014072 seconds .

========================================================================
Received Import Request.
  Time since last request: 14.503153 seconds.
  path: Assets/Scripts/Helper Scripts/NightTime.cs
  artifactKey: Guid(429443ba4d1b2dc419e3357a217b418b) Importer(815301076,1909f56bfc062723c751e8b465ee728b)
Start importing Assets/Scripts/Helper Scripts/NightTime.cs using Guid(429443ba4d1b2dc419e3357a217b418b) Importer(815301076,1909f56bfc062723c751e8b465ee728b)  -> (artifact id: '8beb54119ec48854f738ae0938d10a3e') in 0.012825 seconds
  Import took 0.017532 seconds .

========================================================================
Received Import Request.
  Time since last request: 16.900700 seconds.
  path: Assets/Scripts/Helper Scripts/NightTime.cs
  artifactKey: Guid(429443ba4d1b2dc419e3357a217b418b) Importer(815301076,1909f56bfc062723c751e8b465ee728b)
Start importing Assets/Scripts/Helper Scripts/NightTime.cs using Guid(429443ba4d1b2dc419e3357a217b418b) Importer(815301076,1909f56bfc062723c751e8b465ee728b)  -> (artifact id: '38bddf7945ded23ae50403c012c8b31d') in 0.011201 seconds
  Import took 0.016681 seconds .

========================================================================
Received Import Request.
  Time since last request: 7.337351 seconds.
  path: Assets/Scripts/Helper Scripts/NightTime.cs
  artifactKey: Guid(429443ba4d1b2dc419e3357a217b418b) Importer(815301076,1909f56bfc062723c751e8b465ee728b)
Start importing Assets/Scripts/Helper Scripts/NightTime.cs using Guid(429443ba4d1b2dc419e3357a217b418b) Importer(815301076,1909f56bfc062723c751e8b465ee728b)  -> (artifact id: 'd9edcf353d9100f4e46f0412959c0d0c') in 0.010761 seconds
  Import took 0.014452 seconds .

========================================================================
Received Prepare
Registering precompiled user dll's ...
Registered in 0.007547 seconds.
Begin MonoManager ReloadAssembly
Native extension for WindowsStandalone target not found
Refreshing native plugins compatible for Editor in 0.44 ms, found 2 plugins.
Preloading 0 native plugins for Editor in 0.00 ms.
Mono: successfully reloaded assembly
- Completed reload, in  1.329 seconds
Platform modules already initialized, skipping
Refreshing native plugins compatible for Editor in 0.46 ms, found 2 plugins.
Preloading 0 native plugins for Editor in 0.00 ms.
Unloading 1513 Unused Serialized files (Serialized files now loaded: 0)
System memory in use before: 69.8 MB.
System memory in use after: 69.9 MB.

Unloading 11 unused Assets to reduce memory usage. Loaded Objects now: 1961.
Total: 2.808400 ms (FindLiveObjects: 0.230100 ms CreateObjectMapping: 0.041400 ms MarkObjects: 2.511700 ms  DeleteObjects: 0.022500 ms)

========================================================================
Received Import Request.
  Time since last request: 681.139791 seconds.
  path: Assets/Downlaoded things/VertexColorFarmAnimals/Prefabs/SheepWhite.prefab
  artifactKey: Guid(e82139b3bae6212439ea1e85ad29678b) Importer(815301076,1909f56bfc062723c751e8b465ee728b)
Start importing Assets/Downlaoded things/VertexColorFarmAnimals/Prefabs/SheepWhite.prefab using Guid(e82139b3bae6212439ea1e85ad29678b) Importer(815301076,1909f56bfc062723c751e8b465ee728b)  -> (artifact id: 'd1c2004fd6bb27be411b696e4a545cbd') in 0.145269 seconds
  Import took 0.150232 seconds .

========================================================================
Received Import Request.
  Time since last request: 27.164794 seconds.
  path: Assets/Downlaoded things/VertexColorFarmAnimals/Models
  artifactKey: Guid(aae9698b6f96e6a43a02f13368f2d2e0) Importer(815301076,1909f56bfc062723c751e8b465ee728b)
Start importing Assets/Downlaoded things/VertexColorFarmAnimals/Models using Guid(aae9698b6f96e6a43a02f13368f2d2e0) Importer(815301076,1909f56bfc062723c751e8b465ee728b)  -> (artifact id: '87cf7189bd1b042ed315c8c6729dfce5') in 0.017173 seconds
  Import took 0.021359 seconds .

========================================================================
Received Import Request.
  Time since last request: 2.548759 seconds.
  path: Assets/Downlaoded things/VertexColorFarmAnimals/Models/SheepWhite.fbx
  artifactKey: Guid(5d8504897ce36db4ea5e50f018657780) Importer(815301076,1909f56bfc062723c751e8b465ee728b)
Start importing Assets/Downlaoded things/VertexColorFarmAnimals/Models/SheepWhite.fbx using Guid(5d8504897ce36db4ea5e50f018657780) Importer(815301076,1909f56bfc062723c751e8b465ee728b)  -> (artifact id: 'a83455511b0aacf42eca7d48a5a23401') in 0.138835 seconds
  Import took 0.143021 seconds .

========================================================================
Received Prepare
Registering precompiled user dll's ...
Registered in 0.010941 seconds.
Begin MonoManager ReloadAssembly
Native extension for WindowsStandalone target not found
Refreshing native plugins compatible for Editor in 0.44 ms, found 2 plugins.
Preloading 0 native plugins for Editor in 0.00 ms.
Mono: successfully reloaded assembly
- Completed reload, in  1.274 seconds
Platform modules already initialized, skipping
Refreshing native plugins compatible for Editor in 0.41 ms, found 2 plugins.
Preloading 0 native plugins for Editor in 0.00 ms.
Unloading 1513 Unused Serialized files (Serialized files now loaded: 0)
System memory in use before: 73.1 MB.
System memory in use after: 73.2 MB.

Unloading 11 unused Assets to reduce memory usage. Loaded Objects now: 1974.
Total: 2.693800 ms (FindLiveObjects: 0.248100 ms CreateObjectMapping: 0.062000 ms MarkObjects: 2.360300 ms  DeleteObjects: 0.021400 ms)

========================================================================
Received Import Request.
  Time since last request: 22.995360 seconds.
  path: Assets/Downlaoded things/VertexColorFarmAnimals/Models/Materials
  artifactKey: Guid(d57c4dc4a953f1e44bd6f903c8f5cf15) Importer(815301076,1909f56bfc062723c751e8b465ee728b)
Start importing Assets/Downlaoded things/VertexColorFarmAnimals/Models/Materials using Guid(d57c4dc4a953f1e44bd6f903c8f5cf15) Importer(815301076,1909f56bfc062723c751e8b465ee728b)  -> (artifact id: 'ac741aea9411c28eb44235ca33fe3f61') in 0.018484 seconds
  Import took 0.022143 seconds .

========================================================================
Received Import Request.
  Time since last request: 15.234595 seconds.
  path: Assets/Downlaoded things/VertexColorFarmAnimals/Materials
  artifactKey: Guid(3bc65edd3f962f54db82ddd9b9f29aad) Importer(815301076,1909f56bfc062723c751e8b465ee728b)
Start importing Assets/Downlaoded things/VertexColorFarmAnimals/Materials using Guid(3bc65edd3f962f54db82ddd9b9f29aad) Importer(815301076,1909f56bfc062723c751e8b465ee728b)  -> (artifact id: '8fd2286d6aa010dfb19b1594ba4019de') in 0.012015 seconds
  Import took 0.016664 seconds .

========================================================================
Received Prepare
Registering precompiled user dll's ...
Registered in 0.006797 seconds.
Begin MonoManager ReloadAssembly
Native extension for WindowsStandalone target not found
Refreshing native plugins compatible for Editor in 0.47 ms, found 2 plugins.
Preloading 0 native plugins for Editor in 0.00 ms.
Mono: successfully reloaded assembly
- Completed reload, in  1.598 seconds
Platform modules already initialized, skipping
Refreshing native plugins compatible for Editor in 0.75 ms, found 2 plugins.
Preloading 0 native plugins for Editor in 0.00 ms.
Unloading 1513 Unused Serialized files (Serialized files now loaded: 0)
System memory in use before: 73.1 MB.
System memory in use after: 73.2 MB.

Unloading 11 unused Assets to reduce memory usage. Loaded Objects now: 1977.
Total: 6.432500 ms (FindLiveObjects: 0.360900 ms CreateObjectMapping: 0.113700 ms MarkObjects: 5.918500 ms  DeleteObjects: 0.034900 ms)

========================================================================
Received Prepare
Registering precompiled user dll's ...
Registered in 0.008134 seconds.
Begin MonoManager ReloadAssembly
Native extension for WindowsStandalone target not found
Refreshing native plugins compatible for Editor in 0.68 ms, found 2 plugins.
Preloading 0 native plugins for Editor in 0.00 ms.
Mono: successfully reloaded assembly
- Completed reload, in  1.443 seconds
Platform modules already initialized, skipping
Refreshing native plugins compatible for Editor in 0.76 ms, found 2 plugins.
Preloading 0 native plugins for Editor in 0.00 ms.
Unloading 1513 Unused Serialized files (Serialized files now loaded: 0)
System memory in use before: 73.1 MB.
System memory in use after: 73.2 MB.

Unloading 11 unused Assets to reduce memory usage. Loaded Objects now: 1980.
Total: 3.345600 ms (FindLiveObjects: 0.214100 ms CreateObjectMapping: 0.039000 ms MarkObjects: 3.058800 ms  DeleteObjects: 0.031200 ms)

========================================================================
Received Prepare
Registering precompiled user dll's ...
Registered in 0.009582 seconds.
Begin MonoManager ReloadAssembly
Native extension for WindowsStandalone target not found
Refreshing native plugins compatible for Editor in 0.90 ms, found 2 plugins.
Preloading 0 native plugins for Editor in 0.00 ms.
Mono: successfully reloaded assembly
- Completed reload, in  1.598 seconds
Platform modules already initialized, skipping
Refreshing native plugins compatible for Editor in 0.87 ms, found 2 plugins.
Preloading 0 native plugins for Editor in 0.00 ms.
Unloading 1513 Unused Serialized files (Serialized files now loaded: 0)
System memory in use before: 73.1 MB.
System memory in use after: 73.2 MB.

Unloading 11 unused Assets to reduce memory usage. Loaded Objects now: 1983.
Total: 3.567000 ms (FindLiveObjects: 0.384000 ms CreateObjectMapping: 0.113000 ms MarkObjects: 3.038600 ms  DeleteObjects: 0.029300 ms)

========================================================================
Received Prepare
Registering precompiled user dll's ...
Registered in 0.014126 seconds.
Begin MonoManager ReloadAssembly
Native extension for WindowsStandalone target not found
Refreshing native plugins compatible for Editor in 0.62 ms, found 2 plugins.
Preloading 0 native plugins for Editor in 0.00 ms.
Mono: successfully reloaded assembly
- Completed reload, in  1.305 seconds
Platform modules already initialized, skipping
Refreshing native plugins compatible for Editor in 0.41 ms, found 2 plugins.
Preloading 0 native plugins for Editor in 0.00 ms.
Unloading 1513 Unused Serialized files (Serialized files now loaded: 0)
System memory in use before: 73.1 MB.
System memory in use after: 73.2 MB.

Unloading 11 unused Assets to reduce memory usage. Loaded Objects now: 1986.
Total: 2.489400 ms (FindLiveObjects: 0.216200 ms CreateObjectMapping: 0.043300 ms MarkObjects: 2.206300 ms  DeleteObjects: 0.021500 ms)

========================================================================
Received Import Request.
  Time since last request: 719.811032 seconds.
  path: Assets/Scripts/Helper Scripts/EnemyDamagebuild.cs
  artifactKey: Guid(dbd35596ee19f9d4abbf87102100e6a6) Importer(815301076,1909f56bfc062723c751e8b465ee728b)
Start importing Assets/Scripts/Helper Scripts/EnemyDamagebuild.cs using Guid(dbd35596ee19f9d4abbf87102100e6a6) Importer(815301076,1909f56bfc062723c751e8b465ee728b)  -> (artifact id: '22be3b6893492957596b8178df3b7d0b') in 0.024021 seconds
  Import took 0.030858 seconds .

========================================================================
Received Prepare
Registering precompiled user dll's ...
Registered in 0.007292 seconds.
Begin MonoManager ReloadAssembly
Native extension for WindowsStandalone target not found
Refreshing native plugins compatible for Editor in 0.55 ms, found 2 plugins.
Preloading 0 native plugins for Editor in 0.00 ms.
Mono: successfully reloaded assembly
- Completed reload, in  1.363 seconds
Platform modules already initialized, skipping
Refreshing native plugins compatible for Editor in 0.48 ms, found 2 plugins.
Preloading 0 native plugins for Editor in 0.00 ms.
Unloading 1514 Unused Serialized files (Serialized files now loaded: 0)
System memory in use before: 73.2 MB.
System memory in use after: 73.3 MB.

Unloading 11 unused Assets to reduce memory usage. Loaded Objects now: 1990.
Total: 3.927000 ms (FindLiveObjects: 0.363800 ms CreateObjectMapping: 0.056300 ms MarkObjects: 3.472500 ms  DeleteObjects: 0.031800 ms)

========================================================================
Received Import Request.
  Time since last request: 72.849368 seconds.
  path: Assets/Scripts/Helper Scripts/EnemyDamagebuild.cs
  artifactKey: Guid(dbd35596ee19f9d4abbf87102100e6a6) Importer(815301076,1909f56bfc062723c751e8b465ee728b)
Start importing Assets/Scripts/Helper Scripts/EnemyDamagebuild.cs using Guid(dbd35596ee19f9d4abbf87102100e6a6) Importer(815301076,1909f56bfc062723c751e8b465ee728b)  -> (artifact id: 'a9df75e87cbc1a2bc01b35151fab4475') in 0.014679 seconds
  Import took 0.019417 seconds .

========================================================================
Received Import Request.
  Time since last request: 17.640037 seconds.
  path: Assets/Scripts/Helper Scripts/EnemyDamagebuild.cs
  artifactKey: Guid(dbd35596ee19f9d4abbf87102100e6a6) Importer(815301076,1909f56bfc062723c751e8b465ee728b)
Start importing Assets/Scripts/Helper Scripts/EnemyDamagebuild.cs using Guid(dbd35596ee19f9d4abbf87102100e6a6) Importer(815301076,1909f56bfc062723c751e8b465ee728b)  -> (artifact id: '9cd0f6d985e9a26d4da11cee42fa0afa') in 0.010892 seconds
  Import took 0.015084 seconds .

========================================================================
Received Import Request.
  Time since last request: 40.912509 seconds.
  path: Assets/Scripts/Helper Scripts/EnemyDamagebuild.cs
  artifactKey: Guid(dbd35596ee19f9d4abbf87102100e6a6) Importer(815301076,1909f56bfc062723c751e8b465ee728b)
Start importing Assets/Scripts/Helper Scripts/EnemyDamagebuild.cs using Guid(dbd35596ee19f9d4abbf87102100e6a6) Importer(815301076,1909f56bfc062723c751e8b465ee728b)  -> (artifact id: '2a7cee8a83fa628720eee86af4c2ed87') in 0.013662 seconds
  Import took 0.018140 seconds .

========================================================================
Received Import Request.
  Time since last request: 5.948189 seconds.
  path: Assets/Scripts/Helper Scripts/EnemyDamagebuild.cs
  artifactKey: Guid(dbd35596ee19f9d4abbf87102100e6a6) Importer(815301076,1909f56bfc062723c751e8b465ee728b)
Start importing Assets/Scripts/Helper Scripts/EnemyDamagebuild.cs using Guid(dbd35596ee19f9d4abbf87102100e6a6) Importer(815301076,1909f56bfc062723c751e8b465ee728b)  -> (artifact id: 'ec500b81a07ad4e888d64290da866616') in 0.011625 seconds
  Import took 0.015574 seconds .

========================================================================
Received Import Request.
  Time since last request: 38.227389 seconds.
  path: Assets/Scripts/Helper Scripts/EnemyDamagebuild.cs
  artifactKey: Guid(dbd35596ee19f9d4abbf87102100e6a6) Importer(815301076,1909f56bfc062723c751e8b465ee728b)
Start importing Assets/Scripts/Helper Scripts/EnemyDamagebuild.cs using Guid(dbd35596ee19f9d4abbf87102100e6a6) Importer(815301076,1909f56bfc062723c751e8b465ee728b)  -> (artifact id: 'ff874a64c33ef60d65f78c97f13d0ec8') in 0.010548 seconds
  Import took 0.015330 seconds .

========================================================================
Received Import Request.
  Time since last request: 0.002783 seconds.
  path: Assets/Scripts/Helper Scripts/EnemyDamagebuild.cs
  artifactKey: Guid(dbd35596ee19f9d4abbf87102100e6a6) Importer(815301076,1909f56bfc062723c751e8b465ee728b)
Start importing Assets/Scripts/Helper Scripts/EnemyDamagebuild.cs using Guid(dbd35596ee19f9d4abbf87102100e6a6) Importer(815301076,1909f56bfc062723c751e8b465ee728b)  -> (artifact id: 'ff874a64c33ef60d65f78c97f13d0ec8') in 0.008885 seconds
  Import took 0.014088 seconds .

========================================================================
Received Import Request.
  Time since last request: 7.359334 seconds.
  path: Assets/Scripts/Helper Scripts/EnemyDamagebuild.cs
  artifactKey: Guid(dbd35596ee19f9d4abbf87102100e6a6) Importer(815301076,1909f56bfc062723c751e8b465ee728b)
Start importing Assets/Scripts/Helper Scripts/EnemyDamagebuild.cs using Guid(dbd35596ee19f9d4abbf87102100e6a6) Importer(815301076,1909f56bfc062723c751e8b465ee728b)  -> (artifact id: 'fb6fb8bdaac19c5eae4793319679df31') in 0.011357 seconds
  Import took 0.015355 seconds .

========================================================================
Received Import Request.
  Time since last request: 0.004955 seconds.
  path: Assets/Scripts/Helper Scripts/EnemyDamagebuild.cs
  artifactKey: Guid(dbd35596ee19f9d4abbf87102100e6a6) Importer(815301076,1909f56bfc062723c751e8b465ee728b)
Start importing Assets/Scripts/Helper Scripts/EnemyDamagebuild.cs using Guid(dbd35596ee19f9d4abbf87102100e6a6) Importer(815301076,1909f56bfc062723c751e8b465ee728b)  -> (artifact id: 'fb6fb8bdaac19c5eae4793319679df31') in 0.011759 seconds
  Import took 0.016136 seconds .

========================================================================
Received Import Request.
  Time since last request: 15.531722 seconds.
  path: Assets/Scripts/Helper Scripts/EnemyDamagebuild.cs
  artifactKey: Guid(dbd35596ee19f9d4abbf87102100e6a6) Importer(815301076,1909f56bfc062723c751e8b465ee728b)
Start importing Assets/Scripts/Helper Scripts/EnemyDamagebuild.cs using Guid(dbd35596ee19f9d4abbf87102100e6a6) Importer(815301076,1909f56bfc062723c751e8b465ee728b)  -> (artifact id: 'c2d55d6460ed3cd2e9aa20cd169dfcb1') in 0.011430 seconds
  Import took 0.015680 seconds .

========================================================================
Received Import Request.
  Time since last request: 11.270523 seconds.
  path: Assets/Scripts/Helper Scripts/EnemyDamagebuild.cs
  artifactKey: Guid(dbd35596ee19f9d4abbf87102100e6a6) Importer(815301076,1909f56bfc062723c751e8b465ee728b)
Start importing Assets/Scripts/Helper Scripts/EnemyDamagebuild.cs using Guid(dbd35596ee19f9d4abbf87102100e6a6) Importer(815301076,1909f56bfc062723c751e8b465ee728b)  -> (artifact id: '9d4f7951f213adaadde0795f0dc2ab7a') in 0.010988 seconds
  Import took 0.014782 seconds .

========================================================================
Received Import Request.
  Time since last request: 17.071115 seconds.
  path: Assets/Scripts/Helper Scripts/EnemyDamagebuild.cs
  artifactKey: Guid(dbd35596ee19f9d4abbf87102100e6a6) Importer(815301076,1909f56bfc062723c751e8b465ee728b)
Start importing Assets/Scripts/Helper Scripts/EnemyDamagebuild.cs using Guid(dbd35596ee19f9d4abbf87102100e6a6) Importer(815301076,1909f56bfc062723c751e8b465ee728b)  -> (artifact id: '3cd14f21cc207b61c04ce1eb45dec028') in 0.009874 seconds
  Import took 0.013784 seconds .

========================================================================
Received Prepare
Registering precompiled user dll's ...
Registered in 0.010141 seconds.
Begin MonoManager ReloadAssembly
Native extension for WindowsStandalone target not found
Refreshing native plugins compatible for Editor in 0.53 ms, found 2 plugins.
Preloading 0 native plugins for Editor in 0.00 ms.
Mono: successfully reloaded assembly
- Completed reload, in  1.294 seconds
Platform modules already initialized, skipping
Refreshing native plugins compatible for Editor in 0.48 ms, found 2 plugins.
Preloading 0 native plugins for Editor in 0.00 ms.
Unloading 1514 Unused Serialized files (Serialized files now loaded: 0)
System memory in use before: 73.2 MB.
System memory in use after: 73.3 MB.

Unloading 11 unused Assets to reduce memory usage. Loaded Objects now: 1993.
Total: 2.502100 ms (FindLiveObjects: 0.253400 ms CreateObjectMapping: 0.068500 ms MarkObjects: 2.158600 ms  DeleteObjects: 0.019800 ms)

========================================================================
Received Import Request.
  Time since last request: 15.833863 seconds.
  path: ProjectSettings/TagManager.asset
  artifactKey: Guid(00000000000000003000000000000000) Importer(815301076,1909f56bfc062723c751e8b465ee728b)
Start importing ProjectSettings/TagManager.asset using Guid(00000000000000003000000000000000) Importer(815301076,1909f56bfc062723c751e8b465ee728b)  -> (artifact id: '29653156658bacc8d90bb237977a76df') in 0.039681 seconds
  Import took 0.043873 seconds .

========================================================================
Received Prepare
Registering precompiled user dll's ...
Registered in 0.009163 seconds.
Begin MonoManager ReloadAssembly
Native extension for WindowsStandalone target not found
Refreshing native plugins compatible for Editor in 0.53 ms, found 2 plugins.
Preloading 0 native plugins for Editor in 0.00 ms.
Mono: successfully reloaded assembly
- Completed reload, in  1.385 seconds
Platform modules already initialized, skipping
Script error: OnTriggerStay
This message parameter has to be of type: Collider
The message will be ignored.

Refreshing native plugins compatible for Editor in 0.64 ms, found 2 plugins.
Preloading 0 native plugins for Editor in 0.00 ms.
Unloading 1514 Unused Serialized files (Serialized files now loaded: 0)
System memory in use before: 73.3 MB.
System memory in use after: 73.4 MB.

Unloading 12 unused Assets to reduce memory usage. Loaded Objects now: 1996.
Total: 3.448700 ms (FindLiveObjects: 0.271600 ms CreateObjectMapping: 0.063100 ms MarkObjects: 3.081600 ms  DeleteObjects: 0.029500 ms)

========================================================================
Received Prepare
Registering precompiled user dll's ...
Registered in 0.007591 seconds.
Begin MonoManager ReloadAssembly
Native extension for WindowsStandalone target not found
Refreshing native plugins compatible for Editor in 0.44 ms, found 2 plugins.
Preloading 0 native plugins for Editor in 0.00 ms.
Mono: successfully reloaded assembly
- Completed reload, in  1.242 seconds
Platform modules already initialized, skipping
Refreshing native plugins compatible for Editor in 0.46 ms, found 2 plugins.
Preloading 0 native plugins for Editor in 0.00 ms.
Unloading 1514 Unused Serialized files (Serialized files now loaded: 0)
System memory in use before: 73.3 MB.
System memory in use after: 73.4 MB.

Unloading 11 unused Assets to reduce memory usage. Loaded Objects now: 1999.
Total: 3.245600 ms (FindLiveObjects: 0.278300 ms CreateObjectMapping: 0.048000 ms MarkObjects: 2.894100 ms  DeleteObjects: 0.023500 ms)

========================================================================
Received Import Request.
  Time since last request: 102.983810 seconds.
  path: Assets/Prefabs/Building Prefabs/Door.prefab
  artifactKey: Guid(d78aa2e6a6412eb41a096fb3d27d204f) Importer(815301076,1909f56bfc062723c751e8b465ee728b)
Start importing Assets/Prefabs/Building Prefabs/Door.prefab using Guid(d78aa2e6a6412eb41a096fb3d27d204f) Importer(815301076,1909f56bfc062723c751e8b465ee728b)  -> (artifact id: '29e906baad7135a3de47d01bdbc11be2') in 0.147179 seconds
  Import took 0.152824 seconds .

========================================================================
Received Import Request.
  Time since last request: 0.038046 seconds.
  path: Assets/Prefabs/Building Prefabs/Door.prefab
  artifactKey: Guid(d78aa2e6a6412eb41a096fb3d27d204f) Importer(815301076,1909f56bfc062723c751e8b465ee728b)
Start importing Assets/Prefabs/Building Prefabs/Door.prefab using Guid(d78aa2e6a6412eb41a096fb3d27d204f) Importer(815301076,1909f56bfc062723c751e8b465ee728b)  -> (artifact id: '29e906baad7135a3de47d01bdbc11be2') in 0.037126 seconds
  Import took 0.042898 seconds .

========================================================================
Received Import Request.
  Time since last request: 8.422861 seconds.
  path: Assets/Prefabs/Building Prefabs/Door.prefab
  artifactKey: Guid(d78aa2e6a6412eb41a096fb3d27d204f) Importer(815301076,1909f56bfc062723c751e8b465ee728b)
Start importing Assets/Prefabs/Building Prefabs/Door.prefab using Guid(d78aa2e6a6412eb41a096fb3d27d204f) Importer(815301076,1909f56bfc062723c751e8b465ee728b)  -> (artifact id: '7d06a133c038238be756f1dd5d9e1c91') in 0.037735 seconds
  Import took 0.043289 seconds .

========================================================================
Received Import Request.
  Time since last request: 99.177630 seconds.
  path: Assets/Prefabs/Building Prefabs/Floor.prefab
  artifactKey: Guid(22010d0e54396fb47bb27307483b2ea2) Importer(815301076,1909f56bfc062723c751e8b465ee728b)
Start importing Assets/Prefabs/Building Prefabs/Floor.prefab using Guid(22010d0e54396fb47bb27307483b2ea2) Importer(815301076,1909f56bfc062723c751e8b465ee728b)  -> (artifact id: '8eeaacac3b124e52412b6fe991935546') in 0.039777 seconds
  Import took 0.044815 seconds .

========================================================================
Received Prepare
Registering precompiled user dll's ...
Registered in 0.006668 seconds.
Begin MonoManager ReloadAssembly
Native extension for WindowsStandalone target not found
Refreshing native plugins compatible for Editor in 0.58 ms, found 2 plugins.
Preloading 0 native plugins for Editor in 0.00 ms.
Mono: successfully reloaded assembly
- Completed reload, in  1.437 seconds
Platform modules already initialized, skipping
Refreshing native plugins compatible for Editor in 0.42 ms, found 2 plugins.
Preloading 0 native plugins for Editor in 0.00 ms.
Unloading 1514 Unused Serialized files (Serialized files now loaded: 0)
System memory in use before: 73.4 MB.
System memory in use after: 73.5 MB.

Unloading 11 unused Assets to reduce memory usage. Loaded Objects now: 2004.
Total: 3.582200 ms (FindLiveObjects: 0.360900 ms CreateObjectMapping: 0.107200 ms MarkObjects: 3.082100 ms  DeleteObjects: 0.030200 ms)

========================================================================
Received Prepare
Registering precompiled user dll's ...
Registered in 0.007103 seconds.
Begin MonoManager ReloadAssembly
Native extension for WindowsStandalone target not found
Refreshing native plugins compatible for Editor in 0.77 ms, found 2 plugins.
Preloading 0 native plugins for Editor in 0.00 ms.
Mono: successfully reloaded assembly
- Completed reload, in  1.525 seconds
Platform modules already initialized, skipping
Refreshing native plugins compatible for Editor in 0.63 ms, found 2 plugins.
Preloading 0 native plugins for Editor in 0.00 ms.
Unloading 1514 Unused Serialized files (Serialized files now loaded: 0)
System memory in use before: 73.4 MB.
System memory in use after: 73.5 MB.

Unloading 11 unused Assets to reduce memory usage. Loaded Objects now: 2007.
Total: 4.551600 ms (FindLiveObjects: 0.367200 ms CreateObjectMapping: 0.217200 ms MarkObjects: 3.929400 ms  DeleteObjects: 0.035100 ms)

========================================================================
Received Prepare
Registering precompiled user dll's ...
Registered in 0.039697 seconds.
Begin MonoManager ReloadAssembly
Native extension for WindowsStandalone target not found
Refreshing native plugins compatible for Editor in 0.52 ms, found 2 plugins.
Preloading 0 native plugins for Editor in 0.00 ms.
Mono: successfully reloaded assembly
- Completed reload, in  1.335 seconds
Platform modules already initialized, skipping
Refreshing native plugins compatible for Editor in 0.80 ms, found 2 plugins.
Preloading 0 native plugins for Editor in 0.00 ms.
Unloading 1514 Unused Serialized files (Serialized files now loaded: 0)
System memory in use before: 73.4 MB.
System memory in use after: 73.5 MB.

Unloading 11 unused Assets to reduce memory usage. Loaded Objects now: 2010.
Total: 4.092800 ms (FindLiveObjects: 1.125300 ms CreateObjectMapping: 0.244200 ms MarkObjects: 2.675400 ms  DeleteObjects: 0.044600 ms)

========================================================================
Received Prepare
Registering precompiled user dll's ...
Registered in 0.007819 seconds.
Begin MonoManager ReloadAssembly
Native extension for WindowsStandalone target not found
Refreshing native plugins compatible for Editor in 0.55 ms, found 2 plugins.
Preloading 0 native plugins for Editor in 0.00 ms.
Mono: successfully reloaded assembly
- Completed reload, in  1.289 seconds
Platform modules already initialized, skipping
Refreshing native plugins compatible for Editor in 0.49 ms, found 2 plugins.
Preloading 0 native plugins for Editor in 0.00 ms.
Unloading 1514 Unused Serialized files (Serialized files now loaded: 0)
System memory in use before: 73.4 MB.
System memory in use after: 73.5 MB.

Unloading 11 unused Assets to reduce memory usage. Loaded Objects now: 2013.
Total: 2.853000 ms (FindLiveObjects: 0.239800 ms CreateObjectMapping: 0.044500 ms MarkObjects: 2.539700 ms  DeleteObjects: 0.026900 ms)

========================================================================
Received Prepare
Registering precompiled user dll's ...
Registered in 0.007509 seconds.
Begin MonoManager ReloadAssembly
Native extension for WindowsStandalone target not found
Refreshing native plugins compatible for Editor in 0.61 ms, found 2 plugins.
Preloading 0 native plugins for Editor in 0.00 ms.
Mono: successfully reloaded assembly
- Completed reload, in  1.332 seconds
Platform modules already initialized, skipping
Refreshing native plugins compatible for Editor in 0.45 ms, found 2 plugins.
Preloading 0 native plugins for Editor in 0.00 ms.
Unloading 1514 Unused Serialized files (Serialized files now loaded: 0)
System memory in use before: 73.4 MB.
System memory in use after: 73.5 MB.

Unloading 11 unused Assets to reduce memory usage. Loaded Objects now: 2016.
Total: 3.658700 ms (FindLiveObjects: 0.597900 ms CreateObjectMapping: 0.104800 ms MarkObjects: 2.923500 ms  DeleteObjects: 0.028100 ms)

========================================================================
Received Prepare
Registering precompiled user dll's ...
Registered in 0.006855 seconds.
Begin MonoManager ReloadAssembly
Native extension for WindowsStandalone target not found
Refreshing native plugins compatible for Editor in 0.51 ms, found 2 plugins.
Preloading 0 native plugins for Editor in 0.00 ms.
Mono: successfully reloaded assembly
- Completed reload, in  1.373 seconds
Platform modules already initialized, skipping
Refreshing native plugins compatible for Editor in 0.51 ms, found 2 plugins.
Preloading 0 native plugins for Editor in 0.00 ms.
Unloading 1514 Unused Serialized files (Serialized files now loaded: 0)
System memory in use before: 73.4 MB.
System memory in use after: 73.5 MB.

Unloading 11 unused Assets to reduce memory usage. Loaded Objects now: 2019.
Total: 3.438400 ms (FindLiveObjects: 0.267000 ms CreateObjectMapping: 0.047800 ms MarkObjects: 3.097100 ms  DeleteObjects: 0.024400 ms)

========================================================================
Received Import Request.
  Time since last request: 360.041556 seconds.
  path: Assets/Downlaoded things/Meshtint Free Chicken Mega Toon Series
  artifactKey: Guid(29a65c1ebd7c5a846a5b2f3ab5a4b224) Importer(815301076,1909f56bfc062723c751e8b465ee728b)
Start importing Assets/Downlaoded things/Meshtint Free Chicken Mega Toon Series using Guid(29a65c1ebd7c5a846a5b2f3ab5a4b224) Importer(815301076,1909f56bfc062723c751e8b465ee728b)  -> (artifact id: 'c67c4342b39ac317ef3ff0f1cee2b68f') in 0.018819 seconds
  Import took 0.023557 seconds .

========================================================================
Received Import Request.
  Time since last request: 1.962731 seconds.
  path: Assets/Downlaoded things/Meshtint Free Chicken Mega Toon Series/Prefabs
  artifactKey: Guid(ffc67ce76c3eadc4790087f804e23bb0) Importer(815301076,1909f56bfc062723c751e8b465ee728b)
Start importing Assets/Downlaoded things/Meshtint Free Chicken Mega Toon Series/Prefabs using Guid(ffc67ce76c3eadc4790087f804e23bb0) Importer(815301076,1909f56bfc062723c751e8b465ee728b)  -> (artifact id: '3b267295c74e5b2143f3bd43f1dc25a0') in 0.015333 seconds
  Import took 0.018745 seconds .

========================================================================
Received Import Request.
  Time since last request: 0.714687 seconds.
  path: Assets/Downlaoded things/Meshtint Free Chicken Mega Toon Series/READ ME
  artifactKey: Guid(d3b380537f1618e4a8c984a3e39a427c) Importer(815301076,1909f56bfc062723c751e8b465ee728b)
Start importing Assets/Downlaoded things/Meshtint Free Chicken Mega Toon Series/READ ME using Guid(d3b380537f1618e4a8c984a3e39a427c) Importer(815301076,1909f56bfc062723c751e8b465ee728b)  -> (artifact id: 'e9c8bd71db4f9a722f2fd4bb0d3a58d7') in 0.014408 seconds
  Import took 0.018642 seconds .

========================================================================
Received Import Request.
  Time since last request: 8.601535 seconds.
  path: Assets/Downlaoded things/Meshtint Free Chicken Mega Toon Series/READ ME/Meshtint Mega Toon Series Read Me .pdf
  artifactKey: Guid(cab8a7ba10c70e946ac60b1efc2058d0) Importer(815301076,1909f56bfc062723c751e8b465ee728b)
Start importing Assets/Downlaoded things/Meshtint Free Chicken Mega Toon Series/READ ME/Meshtint Mega Toon Series Read Me .pdf using Guid(cab8a7ba10c70e946ac60b1efc2058d0) Importer(815301076,1909f56bfc062723c751e8b465ee728b)  -> (artifact id: 'd68c942ca5ca2b362c2c2617304754fa') in 0.040006 seconds
  Import took 0.043926 seconds .

========================================================================
Received Import Request.
  Time since last request: 18.173463 seconds.
  path: Assets/Downlaoded things/Meshtint Free Chicken Mega Toon Series/Prefabs/Toon Chicken.prefab
  artifactKey: Guid(312b31977ed9b2d48a14849ebb8c7fb3) Importer(815301076,1909f56bfc062723c751e8b465ee728b)
Start importing Assets/Downlaoded things/Meshtint Free Chicken Mega Toon Series/Prefabs/Toon Chicken.prefab using Guid(312b31977ed9b2d48a14849ebb8c7fb3) Importer(815301076,1909f56bfc062723c751e8b465ee728b)  -> (artifact id: '7c74949a68d3b805e8b1ae4729264a1b') in 0.220849 seconds
  Import took 0.225840 seconds .

========================================================================
Received Prepare
Registering precompiled user dll's ...
Registered in 0.008868 seconds.
Begin MonoManager ReloadAssembly
Native extension for WindowsStandalone target not found
Refreshing native plugins compatible for Editor in 0.53 ms, found 2 plugins.
Preloading 0 native plugins for Editor in 0.00 ms.
Mono: successfully reloaded assembly
- Completed reload, in  1.294 seconds
Platform modules already initialized, skipping
Refreshing native plugins compatible for Editor in 0.45 ms, found 2 plugins.
Preloading 0 native plugins for Editor in 0.00 ms.
Unloading 1514 Unused Serialized files (Serialized files now loaded: 0)
System memory in use before: 87.0 MB.
System memory in use after: 87.1 MB.

Unloading 11 unused Assets to reduce memory usage. Loaded Objects now: 2024.
Total: 2.559800 ms (FindLiveObjects: 0.209800 ms CreateObjectMapping: 0.046000 ms MarkObjects: 2.281100 ms  DeleteObjects: 0.021300 ms)

========================================================================
Received Prepare
Registering precompiled user dll's ...
Registered in 0.039644 seconds.
Begin MonoManager ReloadAssembly
Native extension for WindowsStandalone target not found
Refreshing native plugins compatible for Editor in 0.52 ms, found 2 plugins.
Preloading 0 native plugins for Editor in 0.00 ms.
Mono: successfully reloaded assembly
- Completed reload, in  1.285 seconds
Platform modules already initialized, skipping
Refreshing native plugins compatible for Editor in 0.60 ms, found 2 plugins.
Preloading 0 native plugins for Editor in 0.00 ms.
Unloading 1514 Unused Serialized files (Serialized files now loaded: 0)
System memory in use before: 87.0 MB.
System memory in use after: 87.1 MB.

Unloading 11 unused Assets to reduce memory usage. Loaded Objects now: 2027.
Total: 3.293700 ms (FindLiveObjects: 0.247000 ms CreateObjectMapping: 0.055400 ms MarkObjects: 2.961600 ms  DeleteObjects: 0.027800 ms)

========================================================================
Received Prepare
Registering precompiled user dll's ...
Registered in 0.006803 seconds.
Begin MonoManager ReloadAssembly
Native extension for WindowsStandalone target not found
Refreshing native plugins compatible for Editor in 1.20 ms, found 2 plugins.
Preloading 0 native plugins for Editor in 0.00 ms.
Mono: successfully reloaded assembly
- Completed reload, in  1.369 seconds
Platform modules already initialized, skipping
Refreshing native plugins compatible for Editor in 0.41 ms, found 2 plugins.
Preloading 0 native plugins for Editor in 0.00 ms.
Unloading 1514 Unused Serialized files (Serialized files now loaded: 0)
System memory in use before: 87.0 MB.
System memory in use after: 87.1 MB.

Unloading 11 unused Assets to reduce memory usage. Loaded Objects now: 2030.
Total: 2.698200 ms (FindLiveObjects: 0.271900 ms CreateObjectMapping: 0.055600 ms MarkObjects: 2.343200 ms  DeleteObjects: 0.025500 ms)

========================================================================
Received Import Request.
  Time since last request: 474.653041 seconds.
  path: Assets/Downlaoded things/Meshtint Free Chicken Mega Toon Series/Animations
  artifactKey: Guid(8c2ef4555e5b581498b55d86ec19dd60) Importer(815301076,1909f56bfc062723c751e8b465ee728b)
Start importing Assets/Downlaoded things/Meshtint Free Chicken Mega Toon Series/Animations using Guid(8c2ef4555e5b581498b55d86ec19dd60) Importer(815301076,1909f56bfc062723c751e8b465ee728b)  -> (artifact id: 'e77699e8800067d51a48dd42ce928b7c') in 0.022184 seconds
  Import took 0.027709 seconds .

========================================================================
Received Import Request.
  Time since last request: 2.577651 seconds.
  path: Assets/Downlaoded things/Meshtint Free Chicken Mega Toon Series/Animations/Toon Chicken.controller
  artifactKey: Guid(84dd067921f4e0045bb3a9a6e8fb7789) Importer(815301076,1909f56bfc062723c751e8b465ee728b)
Start importing Assets/Downlaoded things/Meshtint Free Chicken Mega Toon Series/Animations/Toon Chicken.controller using Guid(84dd067921f4e0045bb3a9a6e8fb7789) Importer(815301076,1909f56bfc062723c751e8b465ee728b)  -> (artifact id: '26f6a8e3e8ae742f73a1e2c94292e2f9') in 0.043978 seconds
  Import took 0.048905 seconds .

========================================================================
Received Prepare
Registering precompiled user dll's ...
Registered in 0.011286 seconds.
Begin MonoManager ReloadAssembly
Native extension for WindowsStandalone target not found
Refreshing native plugins compatible for Editor in 0.48 ms, found 2 plugins.
Preloading 0 native plugins for Editor in 0.00 ms.
Mono: successfully reloaded assembly
- Completed reload, in  1.424 seconds
Platform modules already initialized, skipping
Refreshing native plugins compatible for Editor in 1.11 ms, found 2 plugins.
Preloading 0 native plugins for Editor in 0.00 ms.
Unloading 1514 Unused Serialized files (Serialized files now loaded: 0)
System memory in use before: 87.0 MB.
System memory in use after: 87.2 MB.

Unloading 11 unused Assets to reduce memory usage. Loaded Objects now: 2033.
Total: 4.476700 ms (FindLiveObjects: 0.363200 ms CreateObjectMapping: 0.077200 ms MarkObjects: 4.007200 ms  DeleteObjects: 0.027300 ms)

========================================================================
Received Import Request.
  Time since last request: 80.678321 seconds.
  path: Assets/Prefabs/Player and NPC Prefabs/Toon Chicken Variant.prefab
  artifactKey: Guid(0335ef2a041287b4e85d9d6b8047e8ff) Importer(815301076,1909f56bfc062723c751e8b465ee728b)
Start importing Assets/Prefabs/Player and NPC Prefabs/Toon Chicken Variant.prefab using Guid(0335ef2a041287b4e85d9d6b8047e8ff) Importer(815301076,1909f56bfc062723c751e8b465ee728b)  -> (artifact id: '6c3f2eeda80b3cc69aaf520f76dc5125') in 0.125271 seconds
  Import took 0.130460 seconds .

========================================================================
Received Import Request.
  Time since last request: 10.021813 seconds.
  path: Assets/Prefabs/Player and NPC Prefabs/Basic Enemy Chicken.prefab
  artifactKey: Guid(0335ef2a041287b4e85d9d6b8047e8ff) Importer(815301076,1909f56bfc062723c751e8b465ee728b)
Start importing Assets/Prefabs/Player and NPC Prefabs/Basic Enemy Chicken.prefab using Guid(0335ef2a041287b4e85d9d6b8047e8ff) Importer(815301076,1909f56bfc062723c751e8b465ee728b)  -> (artifact id: 'd0eac1f807d551327302c61598372895') in 0.044034 seconds
  Import took 0.048856 seconds .

========================================================================
Received Prepare
Registering precompiled user dll's ...
Registered in 0.023089 seconds.
Begin MonoManager ReloadAssembly
Native extension for WindowsStandalone target not found
Refreshing native plugins compatible for Editor in 0.85 ms, found 2 plugins.
Preloading 0 native plugins for Editor in 0.00 ms.
Mono: successfully reloaded assembly
- Completed reload, in  2.913 seconds
Platform modules already initialized, skipping
Refreshing native plugins compatible for Editor in 1.24 ms, found 2 plugins.
Preloading 0 native plugins for Editor in 0.00 ms.
Unloading 1514 Unused Serialized files (Serialized files now loaded: 0)
System memory in use before: 87.1 MB.
System memory in use after: 87.2 MB.

Unloading 11 unused Assets to reduce memory usage. Loaded Objects now: 2037.
Total: 6.928100 ms (FindLiveObjects: 0.692100 ms CreateObjectMapping: 0.133000 ms MarkObjects: 6.033400 ms  DeleteObjects: 0.064900 ms)

AssetImportWorkerClient::OnTransportError - code=2 error=End of file
